<?xml version="1.0" encoding="UTF-8"?>
<!-- Generated by org.testng.reporters.JUnitXMLReporter -->
<testsuite ignored="0" hostname="DESKTOP-LMGDSMF" failures="0" tests="3" name="Default test" time="0.337" errors="0" timestamp="2025-11-25T10:42:30 IST">
  <testcase classname="testCases.Login_page_test" name="enter_username" time="0.126"/>
  <testcase classname="testCases.Login_page_test" name="enter_password" time="0.078"/>
  <testcase classname="testCases.Login_page_test" name="click_submit" time="0.099"/>
</testsuite> <!-- Default test -->
