<?xml version="1.0" encoding="UTF-8"?>
<!-- Generated by org.testng.reporters.JUnitXMLReporter -->
<testsuite ignored="2" hostname="DESKTOP-LMGDSMF" failures="0" tests="5" name="Test" time="0.485" errors="0" timestamp="2025-11-26T10:51:20 IST">
  <testcase classname="testCases.Login_Test" name="enter_username" time="0.118"/>
  <testcase classname="testCases.Login_Test" name="enter_password" time="0.064"/>
  <testcase classname="testCases.Login_Test" name="click_submit" time="0.103"/>
  <testcase classname="testCases.Home_Test" name="click_product" time="0.084"/>
  <testcase classname="testCases.Home_Test" name="click_cart" time="0.076"/>
  <testcase classname="testCases.BaseTest" name="@BeforeSuite set_up" time="0.0">
    <ignored/>
  </testcase> <!-- @BeforeSuite set_up -->
  <testcase classname="testCases.BaseTest" name="@AfterSuite set_up_close" time="0.0">
    <ignored/>
  </testcase> <!-- @AfterSuite set_up_close -->
</testsuite> <!-- Test -->
