<?xml version="1.0" encoding="UTF-8"?>
<testng-results ignored="0" total="5" passed="5" failed="0" skipped="0">
  <reporter-output>
  </reporter-output>
  <suite started-at="2025-11-26T10:51:20 IST" name="Suite" finished-at="2025-11-26T10:51:20 IST" duration-ms="485">
    <groups>
    </groups>
    <test started-at="2025-11-26T10:51:20 IST" name="Test" finished-at="2025-11-26T10:51:20 IST" duration-ms="485">
      <class name="testCases.Home_Test">
        <test-method signature="click_product()[pri:1, instance:testCases.Home_Test@139982de]" started-at="2025-11-26T10:51:20 IST" name="click_product" finished-at="2025-11-26T10:51:20 IST" duration-ms="84" status="PASS">
          <reporter-output>
          </reporter-output>
        </test-method> <!-- click_product -->
        <test-method signature="click_cart()[pri:2, instance:testCases.Home_Test@139982de]" started-at="2025-11-26T10:51:20 IST" name="click_cart" finished-at="2025-11-26T10:51:20 IST" duration-ms="76" status="PASS">
          <reporter-output>
          </reporter-output>
        </test-method> <!-- click_cart -->
      </class> <!-- testCases.Home_Test -->
      <class name="testCases.Login_Test">
        <test-method is-config="true" signature="set_up()[pri:0, instance:testCases.Login_Test@1f2586d6]" started-at="2025-11-26T10:51:11 IST" name="set_up" finished-at="2025-11-26T10:51:20 IST" duration-ms="9148" status="PASS">
          <reporter-output>
          </reporter-output>
        </test-method> <!-- set_up -->
        <test-method signature="enter_username()[pri:1, instance:testCases.Login_Test@1f2586d6]" started-at="2025-11-26T10:51:20 IST" name="enter_username" finished-at="2025-11-26T10:51:20 IST" duration-ms="118" status="PASS">
          <reporter-output>
          </reporter-output>
        </test-method> <!-- enter_username -->
        <test-method signature="enter_password()[pri:2, instance:testCases.Login_Test@1f2586d6]" started-at="2025-11-26T10:51:20 IST" name="enter_password" finished-at="2025-11-26T10:51:20 IST" duration-ms="64" status="PASS">
          <reporter-output>
          </reporter-output>
        </test-method> <!-- enter_password -->
        <test-method signature="click_submit()[pri:3, instance:testCases.Login_Test@1f2586d6]" started-at="2025-11-26T10:51:20 IST" name="click_submit" finished-at="2025-11-26T10:51:20 IST" duration-ms="103" status="PASS">
          <reporter-output>
          </reporter-output>
        </test-method> <!-- click_submit -->
        <test-method is-config="true" signature="set_up_close()[pri:0, instance:testCases.Login_Test@1f2586d6]" started-at="2025-11-26T10:51:21 IST" name="set_up_close" finished-at="2025-11-26T10:51:21 IST" duration-ms="0" status="PASS">
          <reporter-output>
          </reporter-output>
        </test-method> <!-- set_up_close -->
      </class> <!-- testCases.Login_Test -->
    </test> <!-- Test -->
  </suite> <!-- Suite -->
</testng-results>
