<?xml version="1.0" encoding="UTF-8"?>
<!-- Generated by org.testng.reporters.JUnitReportReporter -->
<testsuite hostname="DESKTOP-LMGDSMF" failures="0" tests="3" name="testCases.Login_page_test" time="0.284" errors="0" timestamp="2025-11-25T12:43:48 IST" skipped="0">
  <testcase classname="testCases.Login_page_test" name="enter_username" time="0.119"/>
  <testcase classname="testCases.Login_page_test" name="enter_password" time="0.066"/>
  <testcase classname="testCases.Login_page_test" name="click_submit" time="0.099"/>
</testsuite> <!-- testCases.Login_page_test -->
