<?xml version="1.0" encoding="UTF-8"?>
<!-- Generated by org.testng.reporters.JUnitReportReporter -->
<testsuite hostname="DESKTOP-LMGDSMF" failures="0" tests="3" name="testCases.Login_Test" time="0.285" errors="0" timestamp="2025-11-26T10:51:21 IST" skipped="0">
  <testcase classname="testCases.Login_Test" name="enter_username" time="0.118"/>
  <testcase classname="testCases.Login_Test" name="enter_password" time="0.064"/>
  <testcase classname="testCases.Login_Test" name="click_submit" time="0.103"/>
</testsuite> <!-- testCases.Login_Test -->
